[36mvite v6.3.5 [32mbuilding for production...[36m[39m
transforming...
[32mΓ£ô[39m 17 modules transformed.
node.exe : 
[31mΓ£ù[39m Build 
failed in 957ms
At C:\Program Files\nod
ejs\npx.ps1:29 char:3
+   & $NODE_EXE 
$NPX_CLI_JS $args
+   ~~~~~~~~~~~~~~~~~~~
~~~~~~~~~~
    + CategoryInfo     
         : NotSpecifi  
  ed: ([31mΓ£ù[39m   
  Build failed in 9    
57ms:String) [], R    
emoteException
    + FullyQualifiedEr 
   rorId : NativeComm  
  andError
 
[31merror during 
build:
[31m[vite:esbuild] 
Transform failed with 
1 error:
D:/Projects/Non paid 
projects/Design 
Specification for 
RAAH/Design 
Specification for RAAH/
src/app/pages/LawyerOnb
oarding.tsx:475:10: 
ERROR: Unterminated 
regular expression[31m
file: 
[36mD:/Projects/Non 
paid projects/Design 
Specification for 
RAAH/Design 
Specification for RAAH/
src/app/pages/LawyerOnb
oarding.tsx:475:10[31m
[33m
[33mUnterminated 
regular expression[33m
473|          </div>
474|        </div>
475|      </div>
   |            ^
476|    );
477|  }
[31m
    at 
failureErrorWithLog 
(D:\Projects\Non paid 
projects\Design 
Specification for 
RAAH\Design 
Specification for RAAH\
node_modules\esbuild\li
b\main.js:1467:15)
    at D:\Projects\Non 
paid projects\Design 
Specification for 
RAAH\Design 
Specification for RAAH\
node_modules\esbuild\li
b\main.js:736:50
    at responseCallback
s.<computed> 
(D:\Projects\Non paid 
projects\Design 
Specification for 
RAAH\Design 
Specification for RAAH\
node_modules\esbuild\li
b\main.js:603:9)
    at 
handleIncomingPacket 
(D:\Projects\Non paid 
projects\Design 
Specification for 
RAAH\Design 
Specification for RAAH\
node_modules\esbuild\li
b\main.js:658:12)
    at 
Socket.readFromStdout 
(D:\Projects\Non paid 
projects\Design 
Specification for 
RAAH\Design 
Specification for RAAH\
node_modules\esbuild\li
b\main.js:581:7)
    at Socket.emit 
(node:events:518:28)
    at addChunk (node:i
nternal/streams/readabl
e:561:12)
    at readableAddChunk
PushByteMode (node:inte
rnal/streams/readable:5
12:3)
    at Readable.push (n
ode:internal/streams/re
adable:392:5)
    at 
Pipe.onStreamRead (node
:internal/stream_base_c
ommons:189:23)[39m
